#
# There is insufficient memory for the Java Runtime Environment to continue.
# Native memory allocation (malloc) failed to allocate 1010784 bytes for Chunk::new
# Possible reasons:
#   The system is out of physical RAM or swap space
#   The process is running with CompressedOops enabled, and the Java Heap may be blocking the growth of the native heap
# Possible solutions:
#   Reduce memory load on the system
#   Increase physical memory or swap space
#   Check if swap backing store is full
#   Decrease Java heap size (-Xmx/-Xms)
#   Decrease number of Java threads
#   Decrease Java thread stack sizes (-Xss)
#   Set larger code cache with -XX:ReservedCodeCacheSize=
#   JVM is running with Unscaled Compressed Oops mode in which the Java heap is
#     placed in the first 4GB address space. The Java Heap base address is the
#     maximum limit for the native heap growth. Please use -XX:HeapBaseMinAddress
#     to set the Java Heap base and to place the Java Heap above 4GB virtual address.
# This output file may be truncated or incomplete.
#
#  Out of Memory Error (arena.cpp:189), pid=7832, tid=5828
#
# JRE version: OpenJDK Runtime Environment (17.0.6) (build 17.0.6+0-b2043.56-9586694)
# Java VM: OpenJDK 64-Bit Server VM (17.0.6+0-b2043.56-9586694, mixed mode, tiered, compressed oops, compressed class ptrs, g1 gc, windows-amd64)
# No core dump will be written. Minidumps are not enabled by default on client versions of Windows
#

---------------  S U M M A R Y ------------

Command Line: org.jetbrains.kotlin.cli.jvm.K2JVMCompiler @C:\Users\USER\Programming\student_labs\labs-office-elevator\tabletApp\features\selectRoom\build\20230814_14015353060344512509.compiler.options

Host: AMD A6-9225 RADEON R4, 5 COMPUTE CORES 2C+3G   , 2 cores, 3G,  Windows 10 , 64 bit Build 19041 (10.0.19041.3155)
Time: Mon Aug 14 13:07:09 2023  Windows 10 , 64 bit Build 19041 (10.0.19041.3155) elapsed time: 52.189170 seconds (0d 0h 0m 52s)

---------------  T H R E A D  ---------------

Current thread (0x000001e07b954de0):  JavaThread "C2 CompilerThread0" daemon [_thread_in_native, id=5828, stack(0x000000716e400000,0x000000716e500000)]


Current CompileTask:
C2:  52189 9463       4       org.jetbrains.kotlin.resolve.calls.util.PsiUtilsKt::getCalleeExpressionIfAny (104 bytes)

Stack: [0x000000716e400000,0x000000716e500000]
Native frames: (J=compiled Java code, j=interpreted, Vv=VM code, C=native code)
V  [jvm.dll+0x683b4a]
V  [jvm.dll+0x842654]
V  [jvm.dll+0x843dfe]
V  [jvm.dll+0x844463]
V  [jvm.dll+0x249b75]
V  [jvm.dll+0xabcac]
V  [jvm.dll+0xac27c]
V  [jvm.dll+0x368857]
V  [jvm.dll+0x332f31]
V  [jvm.dll+0x3323da]
V  [jvm.dll+0x21c201]
V  [jvm.dll+0x21b621]
V  [jvm.dll+0x1a4fdd]
V  [jvm.dll+0x22b098]
V  [jvm.dll+0x229159]
V  [jvm.dll+0x7f809c]
V  [jvm.dll+0x7f25fa]
V  [jvm.dll+0x682985]
C  [ucrtbase.dll+0x21bb2]
C  [KERNEL32.DLL+0x17614]
C  [ntdll.dll+0x526b1]


---------------  P R O C E S S  ---------------

Threads class SMR info:
_java_thread_list=0x000001e07c4e7fb0, length=12, elements={
0x000001e0653b8270, 0x000001e07b8bcdc0, 0x000001e07b8bdc30, 0x000001e07b8d4250,
0x000001e07b8d4e00, 0x000001e07b8d78c0, 0x000001e07b954100, 0x000001e07b954de0,
0x000001e07b9207e0, 0x000001e07b9362c0, 0x000001e07c512a20, 0x000001e07c51b9c0
}

Java Threads: ( => current thread )
  0x000001e0653b8270 JavaThread "main" [_thread_in_vm, id=768, stack(0x000000716d700000,0x000000716d800000)]
  0x000001e07b8bcdc0 JavaThread "Reference Handler" daemon [_thread_blocked, id=11100, stack(0x000000716de00000,0x000000716df00000)]
  0x000001e07b8bdc30 JavaThread "Finalizer" daemon [_thread_blocked, id=11976, stack(0x000000716df00000,0x000000716e000000)]
  0x000001e07b8d4250 JavaThread "Signal Dispatcher" daemon [_thread_blocked, id=11380, stack(0x000000716e000000,0x000000716e100000)]
  0x000001e07b8d4e00 JavaThread "Attach Listener" daemon [_thread_blocked, id=11744, stack(0x000000716e100000,0x000000716e200000)]
  0x000001e07b8d78c0 JavaThread "Service Thread" daemon [_thread_blocked, id=1472, stack(0x000000716e200000,0x000000716e300000)]
  0x000001e07b954100 JavaThread "Monitor Deflation Thread" daemon [_thread_blocked, id=5860, stack(0x000000716e300000,0x000000716e400000)]
=>0x000001e07b954de0 JavaThread "C2 CompilerThread0" daemon [_thread_in_native, id=5828, stack(0x000000716e400000,0x000000716e500000)]
  0x000001e07b9207e0 JavaThread "C1 CompilerThread0" daemon [_thread_blocked, id=3644, stack(0x000000716e500000,0x000000716e600000)]
  0x000001e07b9362c0 JavaThread "Sweeper thread" daemon [_thread_blocked, id=8636, stack(0x000000716e600000,0x000000716e700000)]
  0x000001e07c512a20 JavaThread "Notification Thread" daemon [_thread_blocked, id=1680, stack(0x000000716e700000,0x000000716e800000)]
  0x000001e07c51b9c0 JavaThread "Common-Cleaner" daemon [_thread_blocked, id=11356, stack(0x000000716e900000,0x000000716ea00000)]

Other Threads:
  0x000001e07b8ba1a0 VMThread "VM Thread" [stack: 0x000000716dd00000,0x000000716de00000] [id=12272]
  0x000001e07c513700 WatcherThread [stack: 0x000000716e800000,0x000000716e900000] [id=10732]
  0x000001e0653f2e70 GCTaskThread "GC Thread#0" [stack: 0x000000716d800000,0x000000716d900000] [id=9776]
  0x000001e07c760b40 GCTaskThread "GC Thread#1" [stack: 0x000000716ea00000,0x000000716eb00000] [id=11768]
  0x000001e0653faa30 ConcurrentGCThread "G1 Main Marker" [stack: 0x000000716d900000,0x000000716da00000] [id=8352]
  0x000001e0653fb440 ConcurrentGCThread "G1 Conc#0" [stack: 0x000000716da00000,0x000000716db00000] [id=1592]
  0x000001e06542daa0 ConcurrentGCThread "G1 Refine#0" [stack: 0x000000716db00000,0x000000716dc00000] [id=11216]
  0x000001e000c67ff0 ConcurrentGCThread "G1 Refine#1" [stack: 0x000000716eb00000,0x000000716ec00000] [id=6500]
  0x000001e06542e4c0 ConcurrentGCThread "G1 Service" [stack: 0x000000716dc00000,0x000000716dd00000] [id=5964]

Threads with active compile tasks:
C2 CompilerThread0    52289 9463       4       org.jetbrains.kotlin.resolve.calls.util.PsiUtilsKt::getCalleeExpressionIfAny (104 bytes)

VM state: not at safepoint (normal execution)

VM Mutex/Monitor currently owned by a thread: None

Heap address: 0x00000000c9c00000, size: 868 MB, Compressed Oops mode: 32-bit

CDS archive(s) not mapped
Compressed class space mapped at: 0x0000000100000000-0x0000000140000000, reserved size: 1073741824
Narrow klass base: 0x0000000000000000, Narrow klass shift: 3, Narrow klass range: 0x140000000

GC Precious Log:
 CPUs: 2 total, 2 available
 Memory: 3471M
 Large Page Support: Disabled
 NUMA Support: Disabled
 Compressed Oops: Enabled (32-bit)
 Heap Region Size: 1M
 Heap Min Capacity: 8M
 Heap Initial Capacity: 56M
 Heap Max Capacity: 868M
 Pre-touch: Disabled
 Parallel Workers: 2
 Concurrent Workers: 1
 Concurrent Refinement Workers: 2
 Periodic GC: Disabled

Heap:
 garbage-first heap   total 91136K, used 68153K [0x00000000c9c00000, 0x0000000100000000)
  region size 1024K, 20 young (20480K), 3 survivors (3072K)
 Metaspace       used 64598K, committed 64960K, reserved 1114112K
  class space    used 7316K, committed 7488K, reserved 1048576K

Heap Regions: E=young(eden), S=young(survivor), O=old, HS=humongous(starts), HC=humongous(continues), CS=collection set, F=free, OA=open archive, CA=closed archive, TAMS=top-at-mark-start (previous, next)
|   0|0x00000000c9c00000, 0x00000000c9d00000, 0x00000000c9d00000|100%|HS|  |TAMS 0x00000000c9d00000, 0x00000000c9c00000| Complete 
|   1|0x00000000c9d00000, 0x00000000c9e00000, 0x00000000c9e00000|100%|HC|  |TAMS 0x00000000c9e00000, 0x00000000c9d00000| Complete 
|   2|0x00000000c9e00000, 0x00000000c9f00000, 0x00000000c9f00000|100%|HC|  |TAMS 0x00000000c9f00000, 0x00000000c9e00000| Complete 
|   3|0x00000000c9f00000, 0x00000000ca000000, 0x00000000ca000000|100%|HC|  |TAMS 0x00000000ca000000, 0x00000000c9f00000| Complete 
|   4|0x00000000ca000000, 0x00000000ca100000, 0x00000000ca100000|100%| O|  |TAMS 0x00000000ca100000, 0x00000000ca000000| Untracked 
|   5|0x00000000ca100000, 0x00000000ca200000, 0x00000000ca200000|100%| O|  |TAMS 0x00000000ca200000, 0x00000000ca100000| Untracked 
|   6|0x00000000ca200000, 0x00000000ca300000, 0x00000000ca300000|100%| O|  |TAMS 0x00000000ca300000, 0x00000000ca200000| Untracked 
|   7|0x00000000ca300000, 0x00000000ca400000, 0x00000000ca400000|100%| O|  |TAMS 0x00000000ca400000, 0x00000000ca300000| Untracked 
|   8|0x00000000ca400000, 0x00000000ca500000, 0x00000000ca500000|100%| O|  |TAMS 0x00000000ca500000, 0x00000000ca400000| Untracked 
|   9|0x00000000ca500000, 0x00000000ca600000, 0x00000000ca600000|100%| O|  |TAMS 0x00000000ca600000, 0x00000000ca500000| Untracked 
|  10|0x00000000ca600000, 0x00000000ca700000, 0x00000000ca700000|100%| O|  |TAMS 0x00000000ca700000, 0x00000000ca600000| Untracked 
|  11|0x00000000ca700000, 0x00000000ca800000, 0x00000000ca800000|100%|HS|  |TAMS 0x00000000ca800000, 0x00000000ca700000| Complete 
|  12|0x00000000ca800000, 0x00000000ca900000, 0x00000000ca900000|100%|HC|  |TAMS 0x00000000ca900000, 0x00000000ca800000| Complete 
|  13|0x00000000ca900000, 0x00000000caa00000, 0x00000000caa00000|100%|HC|  |TAMS 0x00000000caa00000, 0x00000000ca900000| Complete 
|  14|0x00000000caa00000, 0x00000000cab00000, 0x00000000cab00000|100%|HC|  |TAMS 0x00000000cab00000, 0x00000000caa00000| Complete 
|  15|0x00000000cab00000, 0x00000000cac00000, 0x00000000cac00000|100%| O|  |TAMS 0x00000000cac00000, 0x00000000cab00000| Untracked 
|  16|0x00000000cac00000, 0x00000000cad00000, 0x00000000cad00000|100%| O|  |TAMS 0x00000000cad00000, 0x00000000cac00000| Untracked 
|  17|0x00000000cad00000, 0x00000000cae00000, 0x00000000cae00000|100%| O|  |TAMS 0x00000000cae00000, 0x00000000cad00000| Untracked 
|  18|0x00000000cae00000, 0x00000000caf00000, 0x00000000caf00000|100%| O|  |TAMS 0x00000000caf00000, 0x00000000cae00000| Untracked 
|  19|0x00000000caf00000, 0x00000000cb000000, 0x00000000cb000000|100%| O|  |TAMS 0x00000000cb000000, 0x00000000caf00000| Untracked 
|  20|0x00000000cb000000, 0x00000000cb100000, 0x00000000cb100000|100%| O|  |TAMS 0x00000000cb100000, 0x00000000cb000000| Untracked 
|  21|0x00000000cb100000, 0x00000000cb200000, 0x00000000cb200000|100%| O|  |TAMS 0x00000000cb200000, 0x00000000cb100000| Untracked 
|  22|0x00000000cb200000, 0x00000000cb300000, 0x00000000cb300000|100%| O|  |TAMS 0x00000000cb300000, 0x00000000cb200000| Untracked 
|  23|0x00000000cb300000, 0x00000000cb400000, 0x00000000cb400000|100%| O|  |TAMS 0x00000000cb400000, 0x00000000cb300000| Untracked 
|  24|0x00000000cb400000, 0x00000000cb500000, 0x00000000cb500000|100%| O|  |TAMS 0x00000000cb500000, 0x00000000cb400000| Untracked 
|  25|0x00000000cb500000, 0x00000000cb600000, 0x00000000cb600000|100%| O|  |TAMS 0x00000000cb600000, 0x00000000cb500000| Untracked 
|  26|0x00000000cb600000, 0x00000000cb700000, 0x00000000cb700000|100%| O|  |TAMS 0x00000000cb700000, 0x00000000cb600000| Untracked 
|  27|0x00000000cb700000, 0x00000000cb800000, 0x00000000cb800000|100%| O|  |TAMS 0x00000000cb800000, 0x00000000cb700000| Untracked 
|  28|0x00000000cb800000, 0x00000000cb900000, 0x00000000cb900000|100%| O|  |TAMS 0x00000000cb900000, 0x00000000cb800000| Untracked 
|  29|0x00000000cb900000, 0x00000000cba00000, 0x00000000cba00000|100%| O|  |TAMS 0x00000000cba00000, 0x00000000cb900000| Untracked 
|  30|0x00000000cba00000, 0x00000000cbb00000, 0x00000000cbb00000|100%| O|  |TAMS 0x00000000cbb00000, 0x00000000cba00000| Untracked 
|  31|0x00000000cbb00000, 0x00000000cbc00000, 0x00000000cbc00000|100%| O|  |TAMS 0x00000000cbc00000, 0x00000000cbb00000| Untracked 
|  32|0x00000000cbc00000, 0x00000000cbd00000, 0x00000000cbd00000|100%| O|  |TAMS 0x00000000cbd00000, 0x00000000cbc00000| Complete 
|  33|0x00000000cbd00000, 0x00000000cbe00000, 0x00000000cbe00000|100%|HS|  |TAMS 0x00000000cbe00000, 0x00000000cbd00000| Complete 
|  34|0x00000000cbe00000, 0x00000000cbf00000, 0x00000000cbf00000|100%|HC|  |TAMS 0x00000000cbf00000, 0x00000000cbe00000| Complete 
|  35|0x00000000cbf00000, 0x00000000cc000000, 0x00000000cc000000|100%| O|  |TAMS 0x00000000cc000000, 0x00000000cbf00000| Untracked 
|  36|0x00000000cc000000, 0x00000000cc000000, 0x00000000cc100000|  0%| F|  |TAMS 0x00000000cc000000, 0x00000000cc000000| Untracked 
|  37|0x00000000cc100000, 0x00000000cc200000, 0x00000000cc200000|100%| O|  |TAMS 0x00000000cc200000, 0x00000000cc100000| Untracked 
|  38|0x00000000cc200000, 0x00000000cc300000, 0x00000000cc300000|100%| O|  |TAMS 0x00000000cc300000, 0x00000000cc200000| Untracked 
|  39|0x00000000cc300000, 0x00000000cc400000, 0x00000000cc400000|100%| O|  |TAMS 0x00000000cc400000, 0x00000000cc300000| Untracked 
|  40|0x00000000cc400000, 0x00000000cc500000, 0x00000000cc500000|100%| O|  |TAMS 0x00000000cc500000, 0x00000000cc400000| Untracked 
|  41|0x00000000cc500000, 0x00000000cc600000, 0x00000000cc600000|100%| O|  |TAMS 0x00000000cc600000, 0x00000000cc500000| Untracked 
|  42|0x00000000cc600000, 0x00000000cc700000, 0x00000000cc700000|100%| O|  |TAMS 0x00000000cc700000, 0x00000000cc600000| Untracked 
|  43|0x00000000cc700000, 0x00000000cc800000, 0x00000000cc800000|100%| O|  |TAMS 0x00000000cc800000, 0x00000000cc700000| Untracked 
|  44|0x00000000cc800000, 0x00000000cc900000, 0x00000000cc900000|100%| O|  |TAMS 0x00000000cc900000, 0x00000000cc800000| Untracked 
|  45|0x00000000cc900000, 0x00000000cca00000, 0x00000000cca00000|100%| O|  |TAMS 0x00000000cca00000, 0x00000000cc900000| Untracked 
|  46|0x00000000cca00000, 0x00000000ccb00000, 0x00000000ccb00000|100%| O|  |TAMS 0x00000000ccb00000, 0x00000000cca00000| Untracked 
|  47|0x00000000ccb00000, 0x00000000ccc00000, 0x00000000ccc00000|100%| O|  |TAMS 0x00000000ccc00000, 0x00000000ccb00000| Untracked 
|  48|0x00000000ccc00000, 0x00000000cccc2a00, 0x00000000ccd00000| 76%| O|  |TAMS 0x00000000cccc2a00, 0x00000000ccc00000| Untracked 
|  49|0x00000000ccd00000, 0x00000000ccd00000, 0x00000000cce00000|  0%| F|  |TAMS 0x00000000ccd00000, 0x00000000ccd00000| Untracked 
|  50|0x00000000cce00000, 0x00000000cce00000, 0x00000000ccf00000|  0%| F|  |TAMS 0x00000000cce00000, 0x00000000cce00000| Untracked 
|  51|0x00000000ccf00000, 0x00000000ccf00000, 0x00000000cd000000|  0%| F|  |TAMS 0x00000000ccf00000, 0x00000000ccf00000| Untracked 
|  52|0x00000000cd000000, 0x00000000cd000000, 0x00000000cd100000|  0%| F|  |TAMS 0x00000000cd000000, 0x00000000cd000000| Untracked 
|  53|0x00000000cd100000, 0x00000000cd100000, 0x00000000cd200000|  0%| F|  |TAMS 0x00000000cd100000, 0x00000000cd100000| Untracked 
|  54|0x00000000cd200000, 0x00000000cd200000, 0x00000000cd300000|  0%| F|  |TAMS 0x00000000cd200000, 0x00000000cd200000| Untracked 
|  55|0x00000000cd300000, 0x00000000cd300000, 0x00000000cd400000|  0%| F|  |TAMS 0x00000000cd300000, 0x00000000cd300000| Untracked 
|  56|0x00000000cd400000, 0x00000000cd400000, 0x00000000cd500000|  0%| F|  |TAMS 0x00000000cd400000, 0x00000000cd400000| Untracked 
|  57|0x00000000cd500000, 0x00000000cd500000, 0x00000000cd600000|  0%| F|  |TAMS 0x00000000cd500000, 0x00000000cd500000| Untracked 
|  58|0x00000000cd600000, 0x00000000cd600000, 0x00000000cd700000|  0%| F|  |TAMS 0x00000000cd600000, 0x00000000cd600000| Untracked 
|  59|0x00000000cd700000, 0x00000000cd700000, 0x00000000cd800000|  0%| F|  |TAMS 0x00000000cd700000, 0x00000000cd700000| Untracked 
|  60|0x00000000cd800000, 0x00000000cd800000, 0x00000000cd900000|  0%| F|  |TAMS 0x00000000cd800000, 0x00000000cd800000| Untracked 
|  61|0x00000000cd900000, 0x00000000cd900000, 0x00000000cda00000|  0%| F|  |TAMS 0x00000000cd900000, 0x00000000cd900000| Untracked 
|  62|0x00000000cda00000, 0x00000000cda00000, 0x00000000cdb00000|  0%| F|  |TAMS 0x00000000cda00000, 0x00000000cda00000| Untracked 
|  63|0x00000000cdb00000, 0x00000000cdbcbc40, 0x00000000cdc00000| 79%| S|CS|TAMS 0x00000000cdb00000, 0x00000000cdb00000| Complete 
|  64|0x00000000cdc00000, 0x00000000cdd00000, 0x00000000cdd00000|100%| S|CS|TAMS 0x00000000cdc00000, 0x00000000cdc00000| Complete 
|  65|0x00000000cdd00000, 0x00000000cde00000, 0x00000000cde00000|100%| S|CS|TAMS 0x00000000cdd00000, 0x00000000cdd00000| Complete 
|  66|0x00000000cde00000, 0x00000000cde00000, 0x00000000cdf00000|  0%| F|  |TAMS 0x00000000cde00000, 0x00000000cde00000| Untracked 
|  67|0x00000000cdf00000, 0x00000000cdf00000, 0x00000000ce000000|  0%| F|  |TAMS 0x00000000cdf00000, 0x00000000cdf00000| Untracked 
|  68|0x00000000ce000000, 0x00000000ce000000, 0x00000000ce100000|  0%| F|  |TAMS 0x00000000ce000000, 0x00000000ce000000| Untracked 
|  69|0x00000000ce100000, 0x00000000ce100000, 0x00000000ce200000|  0%| F|  |TAMS 0x00000000ce100000, 0x00000000ce100000| Untracked 
|  70|0x00000000ce200000, 0x00000000ce200000, 0x00000000ce300000|  0%| F|  |TAMS 0x00000000ce200000, 0x00000000ce200000| Untracked 
|  71|0x00000000ce300000, 0x00000000ce300000, 0x00000000ce400000|  0%| F|  |TAMS 0x00000000ce300000, 0x00000000ce300000| Untracked 
|  72|0x00000000ce400000, 0x00000000ce46a9b0, 0x00000000ce500000| 41%| E|  |TAMS 0x00000000ce400000, 0x00000000ce400000| Complete 
|  73|0x00000000ce500000, 0x00000000ce600000, 0x00000000ce600000|100%| E|CS|TAMS 0x00000000ce500000, 0x00000000ce500000| Complete 
|  74|0x00000000ce600000, 0x00000000ce700000, 0x00000000ce700000|100%| E|CS|TAMS 0x00000000ce600000, 0x00000000ce600000| Complete 
|  75|0x00000000ce700000, 0x00000000ce800000, 0x00000000ce800000|100%| E|CS|TAMS 0x00000000ce700000, 0x00000000ce700000| Complete 
|  76|0x00000000ce800000, 0x00000000ce900000, 0x00000000ce900000|100%| E|CS|TAMS 0x00000000ce800000, 0x00000000ce800000| Complete 
|  77|0x00000000ce900000, 0x00000000cea00000, 0x00000000cea00000|100%| E|CS|TAMS 0x00000000ce900000, 0x00000000ce900000| Complete 
|  78|0x00000000cea00000, 0x00000000ceb00000, 0x00000000ceb00000|100%| E|CS|TAMS 0x00000000cea00000, 0x00000000cea00000| Complete 
|  79|0x00000000ceb00000, 0x00000000cec00000, 0x00000000cec00000|100%| E|CS|TAMS 0x00000000ceb00000, 0x00000000ceb00000| Complete 
|  80|0x00000000cec00000, 0x00000000ced00000, 0x00000000ced00000|100%| E|CS|TAMS 0x00000000cec00000, 0x00000000cec00000| Complete 
|  81|0x00000000ced00000, 0x00000000cee00000, 0x00000000cee00000|100%| E|CS|TAMS 0x00000000ced00000, 0x00000000ced00000| Complete 
|  82|0x00000000cee00000, 0x00000000cef00000, 0x00000000cef00000|100%| E|CS|TAMS 0x00000000cee00000, 0x00000000cee00000| Complete 
|  83|0x00000000cef00000, 0x00000000cf000000, 0x00000000cf000000|100%| E|CS|TAMS 0x00000000cef00000, 0x00000000cef00000| Complete 
|  84|0x00000000cf000000, 0x00000000cf100000, 0x00000000cf100000|100%| E|CS|TAMS 0x00000000cf000000, 0x00000000cf000000| Complete 
|  85|0x00000000cf100000, 0x00000000cf200000, 0x00000000cf200000|100%| E|CS|TAMS 0x00000000cf100000, 0x00000000cf100000| Complete 
|  86|0x00000000cf200000, 0x00000000cf300000, 0x00000000cf300000|100%| E|CS|TAMS 0x00000000cf200000, 0x00000000cf200000| Complete 
|  87|0x00000000cf300000, 0x00000000cf400000, 0x00000000cf400000|100%| E|CS|TAMS 0x00000000cf300000, 0x00000000cf300000| Complete 
|  88|0x00000000cf400000, 0x00000000cf500000, 0x00000000cf500000|100%| E|CS|TAMS 0x00000000cf400000, 0x00000000cf400000| Complete 

Card table byte_map: [0x000001e065150000,0x000001e065310000] _byte_map_base: 0x000001e064b02000

Marking Bits (Prev, Next): (CMBitMap*) 0x000001e0653f3480, (CMBitMap*) 0x000001e0653f34c0
 Prev Bits: [0x000001e077a50000, 0x000001e0787e0000)
 Next Bits: [0x000001e0787e0000, 0x000001e079570000)

Polling page: 0x000001e063190000

Metaspace:

Usage:
  Non-class:     55.94 MB used.
      Class:      7.14 MB used.
       Both:     63.08 MB used.

Virtual space:
  Non-class space:       64.00 MB reserved,      56.12 MB ( 88%) committed,  8 nodes.
      Class space:        1.00 GB reserved,       7.31 MB ( <1%) committed,  1 nodes.
             Both:        1.06 GB reserved,      63.44 MB (  6%) committed. 

Chunk freelists:
   Non-Class:  3.73 MB
       Class:  750.00 KB
        Both:  4.47 MB

MaxMetaspaceSize: unlimited
CompressedClassSpaceSize: 1.00 GB
Initial GC threshold: 21.00 MB
Current GC threshold: 103.88 MB
CDS: off
MetaspaceReclaimPolicy: balanced
 - commit_granule_bytes: 65536.
 - commit_granule_words: 8192.
 - virtual_space_node_default_size: 1048576.
 - enlarge_chunks_in_place: 1.
 - new_chunks_are_fully_committed: 0.
 - uncommit_free_chunks: 1.
 - use_allocation_guard: 0.
 - handle_deallocations: 1.


Internal statistics:

num_allocs_failed_limit: 6.
num_arena_births: 382.
num_arena_deaths: 0.
num_vsnodes_births: 9.
num_vsnodes_deaths: 0.
num_space_committed: 1013.
num_space_uncommitted: 0.
num_chunks_returned_to_freelist: 6.
num_chunks_taken_from_freelist: 2454.
num_chunk_merges: 6.
num_chunk_splits: 1882.
num_chunks_enlarged: 1578.
num_purges: 0.
num_inconsistent_stats: 0.

CodeHeap 'non-profiled nmethods': size=120064Kb used=3939Kb max_used=3939Kb free=116124Kb
 bounds [0x000001e070350000, 0x000001e070730000, 0x000001e077890000]
CodeHeap 'profiled nmethods': size=120000Kb used=24033Kb max_used=24169Kb free=95966Kb
 bounds [0x000001e068890000, 0x000001e06a040000, 0x000001e06fdc0000]
CodeHeap 'non-nmethods': size=5696Kb used=1316Kb max_used=1357Kb free=4379Kb
 bounds [0x000001e06fdc0000, 0x000001e070030000, 0x000001e070350000]
 total_blobs=8609 nmethods=7978 adapters=542
 compilation: enabled
              stopped_count=0, restarted_count=0
 full_count=0

Compilation events (20 events):
Event: 51.885 Thread 0x000001e07b9207e0 9467       3       org.jetbrains.kotlin.com.intellij.lang.impl.PsiBuilderAdapter::<init> (18 bytes)
Event: 51.886 Thread 0x000001e07b9207e0 nmethod 9467 0x000001e0690aa310 code [0x000001e0690aa4c0, 0x000001e0690aa6e8]
Event: 51.886 Thread 0x000001e07b9207e0 9468       3       org.jetbrains.kotlin.parsing.KotlinParsing::<init> (97 bytes)
Event: 51.888 Thread 0x000001e07b9207e0 nmethod 9468 0x000001e0698ed110 code [0x000001e0698ed420, 0x000001e0698eeb98]
Event: 51.890 Thread 0x000001e07b9207e0 9469       3       org.jetbrains.kotlin.parsing.KotlinExpressionParsing::parseAnnotatedLambda (81 bytes)
Event: 51.891 Thread 0x000001e07b9207e0 nmethod 9469 0x000001e069b88390 code [0x000001e069b88620, 0x000001e069b891c8]
Event: 51.892 Thread 0x000001e07b9207e0 9470       3       org.jetbrains.kotlin.com.intellij.lang.impl.PsiBuilderImpl::checkTreeDepth (93 bytes)
Event: 51.894 Thread 0x000001e07b9207e0 nmethod 9470 0x000001e069883390 code [0x000001e0698835c0, 0x000001e069883ed8]
Event: 51.895 Thread 0x000001e07b9207e0 9471       3       org.jetbrains.kotlin.com.intellij.psi.impl.source.tree.LazyParseablePsiElement::<init> (20 bytes)
Event: 51.896 Thread 0x000001e07b9207e0 nmethod 9471 0x000001e0692a9410 code [0x000001e0692a9680, 0x000001e0692aa058]
Event: 51.903 Thread 0x000001e07b9207e0 9472       3       org.jetbrains.kotlin.types.AbstractTypeChecker::prepareType$default (17 bytes)
Event: 51.905 Thread 0x000001e07b9207e0 nmethod 9472 0x000001e0698eb610 code [0x000001e0698eb940, 0x000001e0698eca78]
Event: 51.905 Thread 0x000001e07b9207e0 9473       3       org.jetbrains.kotlin.types.AbstractTypeChecker::prepareType (25 bytes)
Event: 51.907 Thread 0x000001e07b9207e0 nmethod 9473 0x000001e0698e9c10 code [0x000001e0698e9f40, 0x000001e0698eaff8]
Event: 51.933 Thread 0x000001e07b9207e0 9474       3       org.jetbrains.kotlin.resolve.scopes.SubstitutingScope::getContributedFunctions (30 bytes)
Event: 51.934 Thread 0x000001e07b9207e0 nmethod 9474 0x000001e0698e8a10 code [0x000001e0698e8cc0, 0x000001e0698e9818]
Event: 51.935 Thread 0x000001e07b9207e0 9475       3       org.jetbrains.kotlin.resolve.calls.util.DelegatingCall::getCalleeExpression (10 bytes)
Event: 51.935 Thread 0x000001e07b9207e0 nmethod 9475 0x000001e0693f2390 code [0x000001e0693f2540, 0x000001e0693f2708]
Event: 52.017 Thread 0x000001e07b9207e0 9476       3       org.jetbrains.kotlin.resolve.calls.util.CallResolverUtilKt::getEffectiveExpectedTypeForSingleArgument (115 bytes)
Event: 52.020 Thread 0x000001e07b9207e0 nmethod 9476 0x000001e0698e5e90 code [0x000001e0698e6300, 0x000001e0698e80d8]

GC Heap History (20 events):
Event: 24.309 GC heap before
{Heap before GC invocations=27 (full 0):
 garbage-first heap   total 65536K, used 47579K [0x00000000c9c00000, 0x0000000100000000)
  region size 1024K, 13 young (13312K), 1 survivors (1024K)
 Metaspace       used 51264K, committed 51520K, reserved 1097728K
  class space    used 6093K, committed 6208K, reserved 1048576K
}
Event: 24.324 GC heap after
{Heap after GC invocations=28 (full 0):
 garbage-first heap   total 65536K, used 38708K [0x00000000c9c00000, 0x0000000100000000)
  region size 1024K, 2 young (2048K), 2 survivors (2048K)
 Metaspace       used 51264K, committed 51520K, reserved 1097728K
  class space    used 6093K, committed 6208K, reserved 1048576K
}
Event: 25.196 GC heap before
{Heap before GC invocations=28 (full 0):
 garbage-first heap   total 65536K, used 49972K [0x00000000c9c00000, 0x0000000100000000)
  region size 1024K, 13 young (13312K), 2 survivors (2048K)
 Metaspace       used 51518K, committed 51840K, reserved 1097728K
  class space    used 6107K, committed 6272K, reserved 1048576K
}
Event: 25.206 GC heap after
{Heap after GC invocations=29 (full 0):
 garbage-first heap   total 65536K, used 39542K [0x00000000c9c00000, 0x0000000100000000)
  region size 1024K, 1 young (1024K), 1 survivors (1024K)
 Metaspace       used 51518K, committed 51840K, reserved 1097728K
  class space    used 6107K, committed 6272K, reserved 1048576K
}
Event: 26.629 GC heap before
{Heap before GC invocations=30 (full 0):
 garbage-first heap   total 70656K, used 49782K [0x00000000c9c00000, 0x0000000100000000)
  region size 1024K, 12 young (12288K), 1 survivors (1024K)
 Metaspace       used 53608K, committed 53888K, reserved 1097728K
  class space    used 6341K, committed 6464K, reserved 1048576K
}
Event: 26.640 GC heap after
{Heap after GC invocations=31 (full 0):
 garbage-first heap   total 70656K, used 40785K [0x00000000c9c00000, 0x0000000100000000)
  region size 1024K, 2 young (2048K), 2 survivors (2048K)
 Metaspace       used 53608K, committed 53888K, reserved 1097728K
  class space    used 6341K, committed 6464K, reserved 1048576K
}
Event: 28.416 GC heap before
{Heap before GC invocations=31 (full 0):
 garbage-first heap   total 70656K, used 55121K [0x00000000c9c00000, 0x0000000100000000)
  region size 1024K, 16 young (16384K), 2 survivors (2048K)
 Metaspace       used 54971K, committed 55232K, reserved 1097728K
  class space    used 6481K, committed 6592K, reserved 1048576K
}
Event: 28.431 GC heap after
{Heap after GC invocations=32 (full 0):
 garbage-first heap   total 70656K, used 42237K [0x00000000c9c00000, 0x0000000100000000)
  region size 1024K, 2 young (2048K), 2 survivors (2048K)
 Metaspace       used 54971K, committed 55232K, reserved 1097728K
  class space    used 6481K, committed 6592K, reserved 1048576K
}
Event: 31.761 GC heap before
{Heap before GC invocations=33 (full 0):
 garbage-first heap   total 75776K, used 55549K [0x00000000c9c00000, 0x0000000100000000)
  region size 1024K, 15 young (15360K), 2 survivors (2048K)
 Metaspace       used 56785K, committed 57088K, reserved 1105920K
  class space    used 6684K, committed 6848K, reserved 1048576K
}
Event: 31.778 GC heap after
{Heap after GC invocations=34 (full 0):
 garbage-first heap   total 91136K, used 45069K [0x00000000c9c00000, 0x0000000100000000)
  region size 1024K, 2 young (2048K), 2 survivors (2048K)
 Metaspace       used 56785K, committed 57088K, reserved 1105920K
  class space    used 6684K, committed 6848K, reserved 1048576K
}
Event: 31.929 GC heap before
{Heap before GC invocations=34 (full 0):
 garbage-first heap   total 91136K, used 46093K [0x00000000c9c00000, 0x0000000100000000)
  region size 1024K, 4 young (4096K), 2 survivors (2048K)
 Metaspace       used 57287K, committed 57600K, reserved 1105920K
  class space    used 6755K, committed 6912K, reserved 1048576K
}
Event: 31.938 GC heap after
{Heap after GC invocations=35 (full 0):
 garbage-first heap   total 91136K, used 45570K [0x00000000c9c00000, 0x0000000100000000)
  region size 1024K, 1 young (1024K), 1 survivors (1024K)
 Metaspace       used 57287K, committed 57600K, reserved 1105920K
  class space    used 6755K, committed 6912K, reserved 1048576K
}
Event: 38.048 GC heap before
{Heap before GC invocations=35 (full 0):
 garbage-first heap   total 91136K, used 68098K [0x00000000c9c00000, 0x0000000100000000)
  region size 1024K, 24 young (24576K), 1 survivors (1024K)
 Metaspace       used 60659K, committed 60928K, reserved 1105920K
  class space    used 7079K, committed 7232K, reserved 1048576K
}
Event: 38.069 GC heap after
{Heap after GC invocations=36 (full 0):
 garbage-first heap   total 91136K, used 47310K [0x00000000c9c00000, 0x0000000100000000)
  region size 1024K, 3 young (3072K), 3 survivors (3072K)
 Metaspace       used 60659K, committed 60928K, reserved 1105920K
  class space    used 7079K, committed 7232K, reserved 1048576K
}
Event: 43.111 GC heap before
{Heap before GC invocations=37 (full 0):
 garbage-first heap   total 91136K, used 70862K [0x00000000c9c00000, 0x0000000100000000)
  region size 1024K, 26 young (26624K), 3 survivors (3072K)
 Metaspace       used 62741K, committed 63040K, reserved 1105920K
  class space    used 7155K, committed 7296K, reserved 1048576K
}
Event: 43.141 GC heap after
{Heap after GC invocations=38 (full 0):
 garbage-first heap   total 91136K, used 49879K [0x00000000c9c00000, 0x0000000100000000)
  region size 1024K, 4 young (4096K), 4 survivors (4096K)
 Metaspace       used 62741K, committed 63040K, reserved 1105920K
  class space    used 7155K, committed 7296K, reserved 1048576K
}
Event: 43.153 GC heap before
{Heap before GC invocations=38 (full 0):
 garbage-first heap   total 91136K, used 50903K [0x00000000c9c00000, 0x0000000100000000)
  region size 1024K, 5 young (5120K), 4 survivors (4096K)
 Metaspace       used 62743K, committed 63040K, reserved 1105920K
  class space    used 7155K, committed 7296K, reserved 1048576K
}
Event: 43.176 GC heap after
{Heap after GC invocations=39 (full 0):
 garbage-first heap   total 91136K, used 49588K [0x00000000c9c00000, 0x0000000100000000)
  region size 1024K, 1 young (1024K), 1 survivors (1024K)
 Metaspace       used 62743K, committed 63040K, reserved 1105920K
  class space    used 7155K, committed 7296K, reserved 1048576K
}
Event: 47.004 GC heap before
{Heap before GC invocations=39 (full 0):
 garbage-first heap   total 91136K, used 72116K [0x00000000c9c00000, 0x0000000100000000)
  region size 1024K, 23 young (23552K), 1 survivors (1024K)
 Metaspace       used 63346K, committed 63680K, reserved 1105920K
  class space    used 7197K, committed 7360K, reserved 1048576K
}
Event: 47.022 GC heap after
{Heap after GC invocations=40 (full 0):
 garbage-first heap   total 91136K, used 51769K [0x00000000c9c00000, 0x0000000100000000)
  region size 1024K, 3 young (3072K), 3 survivors (3072K)
 Metaspace       used 63346K, committed 63680K, reserved 1105920K
  class space    used 7197K, committed 7360K, reserved 1048576K
}

Dll operation events (2 events):
Event: 0.042 Loaded shared library C:\Program Files\Android\Android Studio1\jbr\bin\java.dll
Event: 6.082 Loaded shared library C:\Program Files\Android\Android Studio1\jbr\bin\verify.dll

Deoptimization events (20 events):
Event: 51.194 Thread 0x000001e0653b8270 Uncommon trap: trap_request=0xffffff45 fr.pc=0x000001e0705de604 relative=0x0000000000000224
Event: 51.194 Thread 0x000001e0653b8270 Uncommon trap: reason=unstable_if action=reinterpret pc=0x000001e0705de604 method=org.jetbrains.kotlin.types.TypeUtils.isNullableType(Lorg/jetbrains/kotlin/types/KotlinType;)Z @ 22 c2
Event: 51.194 Thread 0x000001e0653b8270 DEOPT PACKING pc=0x000001e0705de604 sp=0x000000716d7f71f0
Event: 51.194 Thread 0x000001e0653b8270 DEOPT UNPACKING pc=0x000001e06fe169a3 sp=0x000000716d7f7180 mode 2
Event: 51.258 Thread 0x000001e0653b8270 Uncommon trap: trap_request=0xffffffc6 fr.pc=0x000001e07063504c relative=0x000000000000010c
Event: 51.258 Thread 0x000001e0653b8270 Uncommon trap: reason=bimorphic_or_optimized_type_check action=maybe_recompile pc=0x000001e07063504c method=org.jetbrains.kotlin.types.model.TypeSystemContext.lowerBoundIfFlexible(Lorg/jetbrains/kotlin/types/model/KotlinTypeMarker;)Lorg/jetbrains/kotlin/t
Event: 51.258 Thread 0x000001e0653b8270 DEOPT PACKING pc=0x000001e07063504c sp=0x000000716d7f6220
Event: 51.258 Thread 0x000001e0653b8270 DEOPT UNPACKING pc=0x000001e06fe169a3 sp=0x000000716d7f61b8 mode 2
Event: 51.258 Thread 0x000001e0653b8270 Uncommon trap: trap_request=0xffffffc6 fr.pc=0x000001e07063504c relative=0x000000000000010c
Event: 51.258 Thread 0x000001e0653b8270 Uncommon trap: reason=bimorphic_or_optimized_type_check action=maybe_recompile pc=0x000001e07063504c method=org.jetbrains.kotlin.types.model.TypeSystemContext.lowerBoundIfFlexible(Lorg/jetbrains/kotlin/types/model/KotlinTypeMarker;)Lorg/jetbrains/kotlin/t
Event: 51.258 Thread 0x000001e0653b8270 DEOPT PACKING pc=0x000001e07063504c sp=0x000000716d7f5b40
Event: 51.258 Thread 0x000001e0653b8270 DEOPT UNPACKING pc=0x000001e06fe169a3 sp=0x000000716d7f5ad8 mode 2
Event: 51.258 Thread 0x000001e0653b8270 Uncommon trap: trap_request=0xffffffc6 fr.pc=0x000001e07063504c relative=0x000000000000010c
Event: 51.258 Thread 0x000001e0653b8270 Uncommon trap: reason=bimorphic_or_optimized_type_check action=maybe_recompile pc=0x000001e07063504c method=org.jetbrains.kotlin.types.model.TypeSystemContext.lowerBoundIfFlexible(Lorg/jetbrains/kotlin/types/model/KotlinTypeMarker;)Lorg/jetbrains/kotlin/t
Event: 51.258 Thread 0x000001e0653b8270 DEOPT PACKING pc=0x000001e07063504c sp=0x000000716d7f6220
Event: 51.258 Thread 0x000001e0653b8270 DEOPT UNPACKING pc=0x000001e06fe169a3 sp=0x000000716d7f61b8 mode 2
Event: 51.259 Thread 0x000001e0653b8270 Uncommon trap: trap_request=0xffffffc6 fr.pc=0x000001e07063504c relative=0x000000000000010c
Event: 51.259 Thread 0x000001e0653b8270 Uncommon trap: reason=bimorphic_or_optimized_type_check action=maybe_recompile pc=0x000001e07063504c method=org.jetbrains.kotlin.types.model.TypeSystemContext.lowerBoundIfFlexible(Lorg/jetbrains/kotlin/types/model/KotlinTypeMarker;)Lorg/jetbrains/kotlin/t
Event: 51.259 Thread 0x000001e0653b8270 DEOPT PACKING pc=0x000001e07063504c sp=0x000000716d7f6220
Event: 51.259 Thread 0x000001e0653b8270 DEOPT UNPACKING pc=0x000001e06fe169a3 sp=0x000000716d7f61b8 mode 2

Classes unloaded (0 events):
No events

Classes redefined (0 events):
No events

Internal exceptions (20 events):
Event: 28.897 Thread 0x000001e0653b8270 Implicit null exception at 0x000001e0705183ea to 0x000001e0705185b0
Event: 29.173 Thread 0x000001e0653b8270 Implicit null exception at 0x000001e07039a1f1 to 0x000001e07039a3d0
Event: 30.019 Thread 0x000001e0653b8270 Exception <a 'java/lang/NoSuchMethodError'{0x00000000ce36f1c8}: 'java.lang.Object java.lang.invoke.DirectMethodHandle$Holder.invokeSpecial(java.lang.Object, java.lang.Object, java.lang.Object, java.lang.Object, java.lang.Object, java.lang.Object, int)'> (0x00000000ce36f1c8) 
thrown [s\src\hotspot\share\interpreter\linkResolver.cpp, line 771]
Event: 31.690 Thread 0x000001e0653b8270 Implicit null exception at 0x000001e0704e1643 to 0x000001e0704e2e10
Event: 31.690 Thread 0x000001e0653b8270 Implicit null exception at 0x000001e07053291b to 0x000001e070533030
Event: 31.709 Thread 0x000001e0653b8270 Implicit null exception at 0x000001e0703cd68f to 0x000001e0703cd705
Event: 31.918 Thread 0x000001e0653b8270 Exception <a 'java/lang/NoSuchMethodError'{0x00000000cf3e2188}: 'java.lang.Object java.lang.invoke.DirectMethodHandle$Holder.invokeInterface(java.lang.Object, java.lang.Object, java.lang.Object)'> (0x00000000cf3e2188) 
thrown [s\src\hotspot\share\interpreter\linkResolver.cpp, line 771]
Event: 31.919 Thread 0x000001e0653b8270 Exception <a 'java/lang/IncompatibleClassChangeError'{0x00000000cf3e5af8}: Found class java.lang.Object, but interface was expected> (0x00000000cf3e5af8) 
thrown [s\src\hotspot\share\interpreter\linkResolver.cpp, line 838]
Event: 32.000 Thread 0x000001e0653b8270 Exception <a 'java/lang/NoSuchMethodError'{0x00000000cf494158}: 'java.lang.Object java.lang.invoke.DirectMethodHandle$Holder.newInvokeSpecial(java.lang.Object, java.lang.Object, java.lang.Object, java.lang.Object, java.lang.Object, java.lang.Object, java.lang.Object)'> (0x00000000cf494158) 
thrown [s\src\hotspot\share\interpreter\linkResolver.cpp, line 771]
Event: 32.001 Thread 0x000001e0653b8270 Exception <a 'java/lang/NoSuchMethodError'{0x00000000cf498d10}: 'java.lang.Object java.lang.invoke.Invokers$Holder.linkToTargetMethod(java.lang.Object, java.lang.Object, java.lang.Object, java.lang.Object, java.lang.Object, java.lang.Object, java.lang.Object)'> (0x00000000cf498d10) 
thrown [s\src\hotspot\share\interpreter\linkResolver.cpp, line 771]
Event: 34.208 Thread 0x000001e0653b8270 Implicit null exception at 0x000001e07036a4f2 to 0x000001e07036aad0
Event: 34.295 Thread 0x000001e0653b8270 Implicit null exception at 0x000001e07036b172 to 0x000001e07036b748
Event: 37.054 Thread 0x000001e0653b8270 Exception <a 'java/lang/NoSuchMethodError'{0x00000000cde15288}: 'java.lang.Object java.lang.invoke.DirectMethodHandle$Holder.invokeStatic(java.lang.Object, int, java.lang.Object)'> (0x00000000cde15288) 
thrown [s\src\hotspot\share\interpreter\linkResolver.cpp, line 771]
Event: 37.134 Thread 0x000001e0653b8270 Exception <a 'java/lang/NoSuchMethodError'{0x00000000cde62788}: 'java.lang.Object java.lang.invoke.DirectMethodHandle$Holder.newInvokeSpecial(java.lang.Object, int, java.lang.Object)'> (0x00000000cde62788) 
thrown [s\src\hotspot\share\interpreter\linkResolver.cpp, line 771]
Event: 37.137 Thread 0x000001e0653b8270 Exception <a 'java/lang/NoSuchMethodError'{0x00000000cde68f50}: 'int java.lang.invoke.DirectMethodHandle$Holder.invokeInterface(java.lang.Object, java.lang.Object)'> (0x00000000cde68f50) 
thrown [s\src\hotspot\share\interpreter\linkResolver.cpp, line 771]
Event: 39.960 Thread 0x000001e0653b8270 Implicit null exception at 0x000001e070650a2c to 0x000001e070650aec
Event: 40.101 Thread 0x000001e0653b8270 Exception <a 'java/lang/NoSuchMethodError'{0x00000000ceffef18}: 'int java.lang.invoke.DirectMethodHandle$Holder.invokeStaticInit(java.lang.Object, int)'> (0x00000000ceffef18) 
thrown [s\src\hotspot\share\interpreter\linkResolver.cpp, line 771]
Event: 40.559 Thread 0x000001e0653b8270 Exception <a 'java/lang/NoSuchMethodError'{0x00000000ceb36d40}: 'java.lang.Object java.lang.invoke.DirectMethodHandle$Holder.newInvokeSpecial(java.lang.Object, int, java.lang.Object, java.lang.Object)'> (0x00000000ceb36d40) 
thrown [s\src\hotspot\share\interpreter\linkResolver.cpp, line 771]
Event: 47.047 Thread 0x000001e0653b8270 Implicit null exception at 0x000001e070421171 to 0x000001e070421a98
Event: 49.822 Thread 0x000001e0653b8270 Exception <a 'java/lang/NoSuchMethodError'{0x00000000cec6b810}: 'java.lang.Object java.lang.invoke.DirectMethodHandle$Holder.invokeStaticInit(java.lang.Object, java.lang.Object, java.lang.Object)'> (0x00000000cec6b810) 
thrown [s\src\hotspot\share\interpreter\linkResolver.cpp, line 771]

VM Operations (20 events):
Event: 47.437 Executing VM operation: G1Concurrent
Event: 47.458 Executing VM operation: G1Concurrent done
Event: 47.494 Executing VM operation: HandshakeAllThreads
Event: 47.504 Executing VM operation: HandshakeAllThreads done
Event: 47.521 Executing VM operation: G1Concurrent
Event: 47.523 Executing VM operation: G1Concurrent done
Event: 47.564 Executing VM operation: HandshakeAllThreads
Event: 47.566 Executing VM operation: HandshakeAllThreads done
Event: 47.932 Executing VM operation: HandshakeAllThreads
Event: 47.932 Executing VM operation: HandshakeAllThreads done
Event: 48.667 Executing VM operation: ICBufferFull
Event: 48.667 Executing VM operation: ICBufferFull done
Event: 49.449 Executing VM operation: ICBufferFull
Event: 49.449 Executing VM operation: ICBufferFull done
Event: 49.866 Executing VM operation: ICBufferFull
Event: 49.866 Executing VM operation: ICBufferFull done
Event: 50.853 Executing VM operation: ICBufferFull
Event: 50.854 Executing VM operation: ICBufferFull done
Event: 51.862 Executing VM operation: Cleanup
Event: 51.879 Executing VM operation: Cleanup done

Events (20 events):
Event: 47.591 Thread 0x000001e07b9362c0 flushing nmethod 0x000001e069be0590
Event: 47.591 Thread 0x000001e07b9362c0 flushing nmethod 0x000001e069be9f90
Event: 47.591 Thread 0x000001e07b9362c0 flushing nmethod 0x000001e069c11810
Event: 47.591 Thread 0x000001e07b9362c0 flushing nmethod 0x000001e069c18c90
Event: 47.591 Thread 0x000001e07b9362c0 flushing nmethod 0x000001e069c68a90
Event: 47.591 Thread 0x000001e07b9362c0 flushing nmethod 0x000001e069c94710
Event: 47.591 Thread 0x000001e07b9362c0 flushing nmethod 0x000001e069c97810
Event: 47.593 Thread 0x000001e07b9362c0 flushing nmethod 0x000001e069e78190
Event: 47.593 Thread 0x000001e07b9362c0 flushing nmethod 0x000001e069ea2190
Event: 47.593 Thread 0x000001e07b9362c0 flushing nmethod 0x000001e069ea4110
Event: 47.593 Thread 0x000001e07b9362c0 flushing nmethod 0x000001e069ea5690
Event: 47.593 Thread 0x000001e07b9362c0 flushing nmethod 0x000001e069ea7610
Event: 47.593 Thread 0x000001e07b9362c0 flushing nmethod 0x000001e069edfd10
Event: 47.593 Thread 0x000001e07b9362c0 flushing nmethod 0x000001e069f0e910
Event: 47.593 Thread 0x000001e07b9362c0 flushing nmethod 0x000001e069f0f910
Event: 47.593 Thread 0x000001e07b9362c0 flushing nmethod 0x000001e069f5a310
Event: 47.593 Thread 0x000001e07b9362c0 flushing nmethod 0x000001e069f5ee90
Event: 47.593 Thread 0x000001e07b9362c0 flushing nmethod 0x000001e069f62f10
Event: 47.594 Thread 0x000001e07b9362c0 flushing nmethod 0x000001e069f80990
Event: 47.594 Thread 0x000001e07b9362c0 flushing nmethod 0x000001e069f8a610


Dynamic libraries:
0x00007ff77b1c0000 - 0x00007ff77b1ca000 	C:\Program Files\Android\Android Studio1\jbr\bin\java.exe
0x00007ffe53950000 - 0x00007ffe53b48000 	C:\WINDOWS\SYSTEM32\ntdll.dll
0x00007ffe53380000 - 0x00007ffe5343f000 	C:\WINDOWS\System32\KERNEL32.DLL
0x00007ffe515a0000 - 0x00007ffe51896000 	C:\WINDOWS\System32\KERNELBASE.dll
0x00007ffe514a0000 - 0x00007ffe515a0000 	C:\WINDOWS\System32\ucrtbase.dll
0x00007ffe42b60000 - 0x00007ffe42b77000 	C:\Program Files\Android\Android Studio1\jbr\bin\jli.dll
0x00007ffe51a80000 - 0x00007ffe51c1d000 	C:\WINDOWS\System32\USER32.dll
0x00007ffe518a0000 - 0x00007ffe518c2000 	C:\WINDOWS\System32\win32u.dll
0x00007ffe52230000 - 0x00007ffe5225c000 	C:\WINDOWS\System32\GDI32.dll
0x00007ffe433c0000 - 0x00007ffe433db000 	C:\Program Files\Android\Android Studio1\jbr\bin\VCRUNTIME140.dll
0x00007ffe51380000 - 0x00007ffe51495000 	C:\WINDOWS\System32\gdi32full.dll
0x00007ffe41da0000 - 0x00007ffe4203a000 	C:\WINDOWS\WinSxS\amd64_microsoft.windows.common-controls_6595b64144ccf1df_6.0.19041.1110_none_60b5254171f9507e\COMCTL32.dll
0x00007ffe529d0000 - 0x00007ffe52a6e000 	C:\WINDOWS\System32\msvcrt.dll
0x00007ffe512e0000 - 0x00007ffe5137d000 	C:\WINDOWS\System32\msvcp_win.dll
0x00007ffe53050000 - 0x00007ffe53080000 	C:\WINDOWS\System32\IMM32.DLL
0x00007ffe49ae0000 - 0x00007ffe49aec000 	C:\Program Files\Android\Android Studio1\jbr\bin\vcruntime140_1.dll
0x00007ffe1ff50000 - 0x00007ffe1ffdd000 	C:\Program Files\Android\Android Studio1\jbr\bin\msvcp140.dll
0x00007ffe11a20000 - 0x00007ffe1268d000 	C:\Program Files\Android\Android Studio1\jbr\bin\server\jvm.dll
0x00007ffe52a70000 - 0x00007ffe52b1f000 	C:\WINDOWS\System32\ADVAPI32.dll
0x00007ffe532e0000 - 0x00007ffe5337c000 	C:\WINDOWS\System32\sechost.dll
0x00007ffe52d40000 - 0x00007ffe52e66000 	C:\WINDOWS\System32\RPCRT4.dll
0x00007ffe49b20000 - 0x00007ffe49b29000 	C:\WINDOWS\SYSTEM32\WSOCK32.dll
0x00007ffe52f50000 - 0x00007ffe52fbb000 	C:\WINDOWS\System32\WS2_32.dll
0x00007ffe48710000 - 0x00007ffe48737000 	C:\WINDOWS\SYSTEM32\WINMM.dll
0x00007ffe48740000 - 0x00007ffe4874a000 	C:\WINDOWS\SYSTEM32\VERSION.dll
0x00007ffe4f860000 - 0x00007ffe4f872000 	C:\WINDOWS\SYSTEM32\kernel.appcore.dll
0x00007ffe49b10000 - 0x00007ffe49b1a000 	C:\Program Files\Android\Android Studio1\jbr\bin\jimage.dll
0x00007ffe4f650000 - 0x00007ffe4f834000 	C:\WINDOWS\SYSTEM32\DBGHELP.DLL
0x00007ffe3b570000 - 0x00007ffe3b5a4000 	C:\WINDOWS\SYSTEM32\dbgcore.DLL
0x00007ffe51920000 - 0x00007ffe519a2000 	C:\WINDOWS\System32\bcryptPrimitives.dll
0x00007ffe42b80000 - 0x00007ffe42ba5000 	C:\Program Files\Android\Android Studio1\jbr\bin\java.dll
0x00007ffe49af0000 - 0x00007ffe49b08000 	C:\Program Files\Android\Android Studio1\jbr\bin\zip.dll
0x00007ffe52260000 - 0x00007ffe529a4000 	C:\WINDOWS\System32\SHELL32.dll
0x00007ffe4ed70000 - 0x00007ffe4f503000 	C:\WINDOWS\SYSTEM32\windows.storage.dll
0x00007ffe53440000 - 0x00007ffe53794000 	C:\WINDOWS\System32\combase.dll
0x00007ffe509f0000 - 0x00007ffe50a1e000 	C:\WINDOWS\SYSTEM32\Wldp.dll
0x00007ffe53850000 - 0x00007ffe538fd000 	C:\WINDOWS\System32\SHCORE.dll
0x00007ffe52150000 - 0x00007ffe521a5000 	C:\WINDOWS\System32\shlwapi.dll
0x00007ffe50f60000 - 0x00007ffe50f85000 	C:\WINDOWS\SYSTEM32\profapi.dll
0x00007ffe43fb0000 - 0x00007ffe43fc9000 	C:\Program Files\Android\Android Studio1\jbr\bin\net.dll
0x00007ffe42f20000 - 0x00007ffe4302a000 	C:\WINDOWS\SYSTEM32\WINHTTP.dll
0x00007ffe50700000 - 0x00007ffe5076a000 	C:\WINDOWS\system32\mswsock.dll
0x00007ffe42d10000 - 0x00007ffe42d26000 	C:\Program Files\Android\Android Studio1\jbr\bin\nio.dll
0x00007ffe46ad0000 - 0x00007ffe46ae0000 	C:\Program Files\Android\Android Studio1\jbr\bin\verify.dll

dbghelp: loaded successfully - version: 4.0.5 - missing functions: none
symbol engine: initialized successfully - sym options: 0x614 - pdb path: .;C:\Program Files\Android\Android Studio1\jbr\bin;C:\WINDOWS\SYSTEM32;C:\WINDOWS\WinSxS\amd64_microsoft.windows.common-controls_6595b64144ccf1df_6.0.19041.1110_none_60b5254171f9507e;C:\Program Files\Android\Android Studio1\jbr\bin\server

VM Arguments:
java_command: org.jetbrains.kotlin.cli.jvm.K2JVMCompiler @C:\Users\USER\Programming\student_labs\labs-office-elevator\tabletApp\features\selectRoom\build\20230814_14015353060344512509.compiler.options
java_class_path (initial): C:\Users\USER\.gradle\caches\modules-2\files-2.1\org.jetbrains.kotlin\kotlin-compiler-embeddable\1.8.20\78d9baa57f65babf9e0a93e51f62f26f5f35ac3e\kotlin-compiler-embeddable-1.8.20.jar;C:\Users\USER\.gradle\caches\modules-2\files-2.1\org.jetbrains.kotlin\kotlin-stdlib\1.8.20\e72fc5e03ec6c064c678a6bd0d955c88d55b0c4a\kotlin-stdlib-1.8.20.jar;C:\Users\USER\.gradle\caches\modules-2\files-2.1\org.jetbrains.kotlin\kotlin-script-runtime\1.8.20\c850771e723701f9d63dbcf641429c0f29290074\kotlin-script-runtime-1.8.20.jar;C:\Users\USER\.gradle\caches\modules-2\files-2.1\org.jetbrains.kotlin\kotlin-reflect\1.6.10\1cbe9c92c12a94eea200d23c2bbaedaf3daf5132\kotlin-reflect-1.6.10.jar;C:\Users\USER\.gradle\caches\modules-2\files-2.1\org.jetbrains.kotlin\kotlin-daemon-embeddable\1.8.20\c1b808fbe5fee60bd0504a54778120ef40f383d4\kotlin-daemon-embeddable-1.8.20.jar;C:\Users\USER\.gradle\caches\modules-2\files-2.1\org.jetbrains.intellij.deps\trove4j\1.0.20200330\3afb14d5f9ceb459d724e907a21145e8ff394f02\trove4j-1.0.20200330.jar;C:\Users\USER\.gradle\caches\modules-2\files-2.1\net.java.dev.jna\jna\5.6.0\330f2244e9030119ab3030fc3fededc86713d9cc\jna-5.6.0.jar;C:\Users\USER\.gradle\caches\modules-2\files-2.1\org.jetbrains.kotlin\kotlin-stdlib-common\1.8.20\5eddaaf234c8c49d03eebeb6a14feb7f90faca71\kotlin-stdlib-common-1.8.20.jar;C:\Users\USER\.gradle\caches\modules-2\files-2.1\org.jetbrains\annotations\13.0\919f0dfe192fb4e063e7dacadee7f8bb9a2672a9\annotations-13.0.jar
Launcher Type: SUN_STANDARD

[Global flags]
     intx CICompilerCount                          = 2                                         {product} {ergonomic}
     uint ConcGCThreads                            = 1                                         {product} {ergonomic}
     uint G1ConcRefinementThreads                  = 2                                         {product} {ergonomic}
   size_t G1HeapRegionSize                         = 1048576                                   {product} {ergonomic}
    uintx GCDrainStackTargetSize                   = 64                                        {product} {ergonomic}
   size_t InitialHeapSize                          = 58720256                                  {product} {ergonomic}
   size_t MarkStackSize                            = 4194304                                   {product} {ergonomic}
   size_t MaxHeapSize                              = 910163968                                 {product} {ergonomic}
   size_t MaxNewSize                               = 545259520                                 {product} {ergonomic}
   size_t MinHeapDeltaBytes                        = 1048576                                   {product} {ergonomic}
   size_t MinHeapSize                              = 8388608                                   {product} {ergonomic}
    uintx NonNMethodCodeHeapSize                   = 5826188                                {pd product} {ergonomic}
    uintx NonProfiledCodeHeapSize                  = 122916026                              {pd product} {ergonomic}
    uintx ProfiledCodeHeapSize                     = 122916026                              {pd product} {ergonomic}
    uintx ReservedCodeCacheSize                    = 251658240                              {pd product} {ergonomic}
     bool SegmentedCodeCache                       = true                                      {product} {ergonomic}
   size_t SoftMaxHeapSize                          = 910163968                              {manageable} {ergonomic}
     bool UseCompressedClassPointers               = true                           {product lp64_product} {ergonomic}
     bool UseCompressedOops                        = true                           {product lp64_product} {ergonomic}
     bool UseG1GC                                  = true                                      {product} {ergonomic}
     bool UseLargePagesIndividualAllocation        = false                                  {pd product} {ergonomic}

Logging:
Log output configuration:
 #0: stdout all=warning uptime,level,tags
 #1: stderr all=off uptime,level,tags

Environment Variables:
PATH=C:\Program Files\Common Files\Oracle\Java\javapath;C:\WINDOWS\system32;C:\WINDOWS;C:\WINDOWS\System32\Wbem;C:\WINDOWS\System32\WindowsPowerShell\v1.0\;C:\WINDOWS\System32\OpenSSH\;C:\Program Files\dotnet\;C:\Program Files\Git\cmd;C:\Program Files\MySQL\MySQL Shell 8.0\bin\;C:\Users\USER\AppData\Local\Microsoft\WindowsApps;C:\Program Files\JetBrains\IntelliJ IDEA Community Edition 2020.3\bin;;C:\Users\USER\Programming\Maven\apache-maven-3.6.3\bin;C:\Users\USER\.dotnet\tools;C:\Users\USER\AppData\Local\Programs\Microsoft VS Code\bin;C:\Users\USER\Programming\effective_android\flutter\bin;
USERNAME=USER
OS=Windows_NT
PROCESSOR_IDENTIFIER=AMD64 Family 21 Model 112 Stepping 0, AuthenticAMD
TMP=C:\Users\USER\AppData\Local\Temp
TEMP=C:\Users\USER\AppData\Local\Temp



---------------  S Y S T E M  ---------------

OS:
 Windows 10 , 64 bit Build 19041 (10.0.19041.3155)
OS uptime: 3 days 3:23 hours

CPU: total 2 (initial active 2) (2 cores per cpu, 1 threads per core) family 21 model 112 stepping 0 microcode 0x0, cx8, cmov, fxsr, mmx, 3dnowpref, sse, sse2, sse3, ssse3, sse4a, sse4.1, sse4.2, popcnt, lzcnt, tsc, tscinvbit, avx, avx2, aes, clmul, bmi1, bmi2, fma, vzeroupper, clflush

Memory: 4k page, system-wide physical 3471M (30M free)
TotalPageFile size 14223M (AvailPageFile size 3M)
current process WorkingSet (physical memory assigned to process): 182M, peak: 191M
current process commit charge ("private bytes"): 285M, peak: 285M

vm_info: OpenJDK 64-Bit Server VM (17.0.6+0-b2043.56-9586694) for windows-amd64 JRE (17.0.6+0-b2043.56-9586694), built on Feb  9 2023 20:06:20 by "androidbuild" with MS VC++ 16.10 / 16.11 (VS2019)

END.
